2022-09-06T10:20:59+00:00 CRITICAL Uncaught Error: Call to undefined function custom_breadcrumbs() in D:\APP\XAMPP\htdocs\sangerFashion\wp-content\themes\sanger\taxonomy-portfolio.php:11
Stack trace:
#0 D:\APP\XAMPP\htdocs\sangerFashion\wp-includes\template-loader.php(106): include()
#1 D:\APP\XAMPP\htdocs\sangerFashion\wp-blog-header.php(19): require_once('D:\\APP\\XAMPP\\ht...')
#2 D:\APP\XAMPP\htdocs\sangerFashion\index.php(17): require('D:\\APP\\XAMPP\\ht...')
#3 {main}
  thrown in D:\APP\XAMPP\htdocs\sangerFashion\wp-content\themes\sanger\taxonomy-portfolio.php on line 11

2022-09-06T10:21:03+00:00 CRITICAL Uncaught Error: Call to undefined function custom_breadcrumbs() in D:\APP\XAMPP\htdocs\sangerFashion\wp-content\themes\sanger\taxonomy-portfolio.php:11
Stack trace:
#0 D:\APP\XAMPP\htdocs\sangerFashion\wp-includes\template-loader.php(106): include()
#1 D:\APP\XAMPP\htdocs\sangerFashion\wp-blog-header.php(19): require_once('D:\\APP\\XAMPP\\ht...')
#2 D:\APP\XAMPP\htdocs\sangerFashion\index.php(17): require('D:\\APP\\XAMPP\\ht...')
#3 {main}
  thrown in D:\APP\XAMPP\htdocs\sangerFashion\wp-content\themes\sanger\taxonomy-portfolio.php on line 11

2022-09-06T10:21:09+00:00 CRITICAL Uncaught Error: Call to undefined function custom_breadcrumbs() in D:\APP\XAMPP\htdocs\sangerFashion\wp-content\themes\sanger\taxonomy-portfolio.php:11
Stack trace:
#0 D:\APP\XAMPP\htdocs\sangerFashion\wp-includes\template-loader.php(106): include()
#1 D:\APP\XAMPP\htdocs\sangerFashion\wp-blog-header.php(19): require_once('D:\\APP\\XAMPP\\ht...')
#2 D:\APP\XAMPP\htdocs\sangerFashion\index.php(17): require('D:\\APP\\XAMPP\\ht...')
#3 {main}
  thrown in D:\APP\XAMPP\htdocs\sangerFashion\wp-content\themes\sanger\taxonomy-portfolio.php on line 11

2022-09-06T10:21:20+00:00 CRITICAL Uncaught Error: Call to undefined function stheme_get_paged() in D:\APP\XAMPP\htdocs\sangerFashion\wp-content\themes\sanger\taxonomy-portfolio.php:37
Stack trace:
#0 D:\APP\XAMPP\htdocs\sangerFashion\wp-includes\template-loader.php(106): include()
#1 D:\APP\XAMPP\htdocs\sangerFashion\wp-blog-header.php(19): require_once('D:\\APP\\XAMPP\\ht...')
#2 D:\APP\XAMPP\htdocs\sangerFashion\index.php(17): require('D:\\APP\\XAMPP\\ht...')
#3 {main}
  thrown in D:\APP\XAMPP\htdocs\sangerFashion\wp-content\themes\sanger\taxonomy-portfolio.php on line 37

