2022-09-07T06:38:31+00:00 CRITICAL Uncaught Error: Call to undefined function stheme_get_paged() in D:\APP\XAMPP\htdocs\sangerFashion\wp-content\themes\sanger\taxonomy-portfolio.php:26
Stack trace:
#0 D:\APP\XAMPP\htdocs\sangerFashion\wp-includes\template-loader.php(106): include()
#1 D:\APP\XAMPP\htdocs\sangerFashion\wp-blog-header.php(19): require_once('D:\\APP\\XAMPP\\ht...')
#2 D:\APP\XAMPP\htdocs\sangerFashion\index.php(17): require('D:\\APP\\XAMPP\\ht...')
#3 {main}
  thrown in D:\APP\XAMPP\htdocs\sangerFashion\wp-content\themes\sanger\taxonomy-portfolio.php on line 26

2022-09-07T07:31:47+00:00 CRITICAL Uncaught Error: Cannot use object of type WP_Query as array in D:\APP\XAMPP\htdocs\sangerFashion\wp-content\themes\sanger\templates\page-portfolio.php:69
Stack trace:
#0 D:\APP\XAMPP\htdocs\sangerFashion\wp-includes\template-loader.php(106): include()
#1 D:\APP\XAMPP\htdocs\sangerFashion\wp-blog-header.php(19): require_once('D:\\APP\\XAMPP\\ht...')
#2 D:\APP\XAMPP\htdocs\sangerFashion\index.php(17): require('D:\\APP\\XAMPP\\ht...')
#3 {main}
  thrown in D:\APP\XAMPP\htdocs\sangerFashion\wp-content\themes\sanger\templates\page-portfolio.php on line 69

2022-09-07T08:45:15+00:00 CRITICAL Out of memory (allocated 23068672) (tried to allocate 32768 bytes) in D:\APP\XAMPP\htdocs\sangerFashion\wp-admin\includes\ajax-actions.php on line 2928

2022-09-07T09:34:46+00:00 CRITICAL Uncaught Error: Object of class WP_Error could not be converted to string in D:\APP\XAMPP\htdocs\sangerFashion\wp-content\plugins\ql-portfolio\post-type\register-portfolio.php:63
Stack trace:
#0 D:\APP\XAMPP\htdocs\sangerFashion\wp-content\themes\sanger\templates\page-portfolio.php(55): vk_the_portfolio_cate()
#1 D:\APP\XAMPP\htdocs\sangerFashion\wp-includes\template-loader.php(106): include('D:\\APP\\XAMPP\\ht...')
#2 D:\APP\XAMPP\htdocs\sangerFashion\wp-blog-header.php(19): require_once('D:\\APP\\XAMPP\\ht...')
#3 D:\APP\XAMPP\htdocs\sangerFashion\index.php(17): require('D:\\APP\\XAMPP\\ht...')
#4 {main}
  thrown in D:\APP\XAMPP\htdocs\sangerFashion\wp-content\plugins\ql-portfolio\post-type\register-portfolio.php on line 63

2022-09-07T09:36:15+00:00 CRITICAL Uncaught Error: Call to undefined function stheme_get_paged() in D:\APP\XAMPP\htdocs\sangerFashion\wp-content\themes\sanger\taxonomy-portfolio.php:26
Stack trace:
#0 D:\APP\XAMPP\htdocs\sangerFashion\wp-includes\template-loader.php(106): include()
#1 D:\APP\XAMPP\htdocs\sangerFashion\wp-blog-header.php(19): require_once('D:\\APP\\XAMPP\\ht...')
#2 D:\APP\XAMPP\htdocs\sangerFashion\index.php(17): require('D:\\APP\\XAMPP\\ht...')
#3 {main}
  thrown in D:\APP\XAMPP\htdocs\sangerFashion\wp-content\themes\sanger\taxonomy-portfolio.php on line 26

